00:39:14 Ring INFO Ring server at 127.0.0.1:12345
00:39:14 DHT INFO LocalDHT ready
00:39:14 Ring INFO 49996260091315259876555073793241300758: starting the joining process
00:39:14 Ring INFO 49996260091315259876555073793241300758: empty ring
00:39:14 DHT INFO NetServerDHT ready
00:39:27 Ring INFO Ring server at 127.0.0.1:12345
00:39:33 Ring INFO Ring server at 127.0.0.1:12345
00:45:52 Ring INFO 49996260091315259876555073793241300758: new application message
00:45:52 DHT DEBUG Getting value for GE4TOMBRGMZTSMJYGU3TQOJZGQ4TAOBTGU3DCNBTGI4TENZXGE2TKNBXGE3DCMQ= (key=juanvi)
00:45:52 DHT WARNING Error reading file: 
00:50:54 Ring INFO 49996260091315259876555073793241300758: new application message
00:50:54 DHT DEBUG Getting value for GE4TOMBRGMZTSMJYGU3TQOJZGQ4TAOBTGU3DCNBTGI4TENZXGE2TKNBXGE3DCMQ= (key=juanvi)
00:50:54 DHT WARNING Error reading file: 
00:51:09 Ring INFO Ring server at 127.0.0.1:12345
00:51:20 Ring INFO 49996260091315259876555073793241300758: new application message
00:51:20 DHT DEBUG Getting value for GE4TOMBRGMZTSMJYGU3TQOJZGQ4TAOBTGU3DCNBTGI4TENZXGE2TKNBXGE3DCMQ= (key=juanvi)
00:51:20 DHT WARNING Error reading file: 
00:54:20 Ring INFO Ring server at 127.0.0.1:12345
00:54:45 Ring INFO 49996260091315259876555073793241300758: new application message
00:54:45 DHT DEBUG Getting value for GE4TOMBRGMZTSMJYGU3TQOJZGQ4TAOBTGU3DCNBTGI4TENZXGE2TKNBXGE3DCMQ= (key=juanvi)
00:54:45 DHT WARNING Error reading file: 
00:55:14 Ring INFO 49996260091315259876555073793241300758: new application message
00:55:14 DHT DEBUG Getting value for GE4TOMBRGMZTSMJYGU3TQOJZGQ4TAOBTGU3DCNBTGI4TENZXGE2TKNBXGE3DCMQ= (key=juanvi)
00:55:14 DHT WARNING Error reading file: 
00:56:33 Ring INFO 49996260091315259876555073793241300758: new application message
00:56:33 DHT DEBUG Getting value for GE4TOMBRGMZTSMJYGU3TQOJZGQ4TAOBTGU3DCNBTGI4TENZXGE2TKNBXGE3DCMQ= (key=juanvi)
00:56:33 DHT WARNING Error reading file: 
00:57:39 Ring INFO 49996260091315259876555073793241300758: new application message
00:57:39 DHT DEBUG Getting value for GE4TOMBRGMZTSMJYGU3TQOJZGQ4TAOBTGU3DCNBTGI4TENZXGE2TKNBXGE3DCMQ= (key=juanvi)
00:57:39 DHT WARNING Error reading file: 
00:57:49 Ring INFO 49996260091315259876555073793241300758: new application message
00:57:49 DHT DEBUG Getting value for GE4TOMBRGMZTSMJYGU3TQOJZGQ4TAOBTGU3DCNBTGI4TENZXGE2TKNBXGE3DCMQ= (key=juanvi)
00:57:49 DHT WARNING Error reading file: 
13:14:04 Ring INFO Ring server at 127.0.0.1:12345
13:14:04 DHT INFO LocalDHT ready
13:14:04 Ring INFO 183860868721194357105206749053619101952: starting the joining process
13:14:04 Ring INFO 183860868721194357105206749053619101952: empty ring
13:14:04 DHT INFO NetServerDHT ready
13:15:00 Ring INFO 183860868721194357105206749053619101952: new application message
13:15:00 DHT DEBUG Getting value for GE4TOMBRGMZTSMJYGU3TQOJZGQ4TAOBTGU3DCNBTGI4TENZXGE2TKNBXGE3DCMQ= (key=juanvi)
13:15:00 DHT WARNING Error reading file: 
13:15:20 Ring INFO 183860868721194357105206749053619101952: new application message
13:15:20 DHT DEBUG Getting value for GMYTCNJZGU4TOOBRHEZDCMZXHAZDOOBWHE3TANZUGU3TGNBXGU2DEMBYGAZTKOI= (key=M5gDmN)
13:15:20 DHT WARNING Error reading file: 
13:22:45 Ring INFO 183860868721194357105206749053619101952: new application message
13:22:45 DHT DEBUG Getting value for GE4TOMBRGMZTSMJYGU3TQOJZGQ4TAOBTGU3DCNBTGI4TENZXGE2TKNBXGE3DCMQ= (key=juanvi)
13:22:45 DHT WARNING Error reading file: 
13:24:37 Ring INFO 183860868721194357105206749053619101952: new application message
13:24:37 DHT DEBUG Getting value for GMYTCNJZGU4TOOBRHEZDCMZXHAZDOOBWHE3TANZUGU3TGNBXGU2DEMBYGAZTKOI= (key=M5gDmN)
13:24:37 DHT WARNING Error reading file: 
13:24:44 Ring INFO 183860868721194357105206749053619101952: new application message
13:24:44 DHT DEBUG Getting value for GMYTCNJZGU4TOOBRHEZDCMZXHAZDOOBWHE3TANZUGU3TGNBXGU2DEMBYGAZTKOI= (key=M5gDmN)
13:24:44 DHT WARNING Error reading file: 
13:25:37 Ring INFO 183860868721194357105206749053619101952: new application message
13:25:37 DHT DEBUG Putting in GQZDCNRSHE4TQMBVG4YDEMJRGA2DOOBXGY3TANBSGIYDSNBVHA3TEMZXGQ3DC=== (key=9gG655)
13:25:37 Ring INFO 183860868721194357105206749053619101952: new application message
13:25:37 DHT DEBUG Getting value for GQZDCNRSHE4TQMBVG4YDEMJRGA2DOOBXGY3TANBSGIYDSNBVHA3TEMZXGQ3DC=== (key=9gG655)
13:26:14 Ring INFO 183860868721194357105206749053619101952: new application message
13:26:14 DHT DEBUG Putting in GYYTGOJQGYYDSMRQGI2DKMRTHA2TENRXGI3TINJWGYZDSNJZGU2DGOJZGQ4DC=== (key=6xv4TZ)
13:26:14 Ring INFO 183860868721194357105206749053619101952: new application message
13:26:14 DHT DEBUG Getting value for GYYTGOJQGYYDSMRQGI2DKMRTHA2TENRXGI3TINJWGYZDSNJZGU2DGOJZGQ4DC=== (key=6xv4TZ)
13:26:17 Ring INFO 183860868721194357105206749053619101952: new application message
13:26:17 DHT DEBUG Getting value for GYYTGOJQGYYDSMRQGI2DKMRTHA2TENRXGI3TINJWGYZDSNJZGU2DGOJZGQ4DC=== (key=6xv4TZ)
13:26:22 Ring INFO 183860868721194357105206749053619101952: new application message
13:26:22 DHT DEBUG Getting value for GYYTGOJQGYYDSMRQGI2DKMRTHA2TENRXGI3TINJWGYZDSNJZGU2DGOJZGQ4DC=== (key=6xv4TZ)
13:26:22 Ring INFO 183860868721194357105206749053619101952: new application message
13:26:22 DHT DEBUG Putting in HEZDGNJYGE2TEMJWGUZDINRZGU2DCOBVGI2DIOBWGI2DCNJVG4YDGNBZGE3TI=== (key=SB2BoG)
13:26:22 Ring INFO 183860868721194357105206749053619101952: new application message
13:26:22 DHT DEBUG Putting in GYYTGOJQGYYDSMRQGI2DKMRTHA2TENRXGI3TINJWGYZDSNJZGU2DGOJZGQ4DC=== (key=6xv4TZ)
13:26:22 Ring INFO 183860868721194357105206749053619101952: new application message
13:26:22 DHT DEBUG Putting in GE4DEMJTGU4DANRZGQ3DGNJRGEYTCMBSGQ3TSNRRGYYTGMZXGQ4DMNZZGE3TIOA= (key=snnhYJ)
13:26:22 Ring INFO 183860868721194357105206749053619101952: new application message
13:26:22 DHT DEBUG Putting in GE2DSMZTHE4DCOJQHA2TAMBUGIZDQNZXHEYDAMJVGQ3DEOJYGA2TSMBZGI4TENQ= (key=5dEdwv)
13:26:22 Ring INFO 183860868721194357105206749053619101952: new application message
13:26:22 DHT DEBUG Getting value for GE2DSMZTHE4DCOJQHA2TAMBUGIZDQNZXHEYDAMJVGQ3DEOJYGA2TSMBZGI4TENQ= (key=5dEdwv)
13:26:22 Ring INFO 183860868721194357105206749053619101952: new application message
13:26:22 DHT DEBUG Getting value for GE4DEMJTGU4DANRZGQ3DGNJRGEYTCMBSGQ3TSNRRGYYTGMZXGQ4DMNZZGE3TIOA= (key=snnhYJ)
13:26:22 Ring INFO 183860868721194357105206749053619101952: new application message
13:26:22 DHT DEBUG Getting value for GYYTGOJQGYYDSMRQGI2DKMRTHA2TENRXGI3TINJWGYZDSNJZGU2DGOJZGQ4DC=== (key=6xv4TZ)
13:26:22 Ring INFO 183860868721194357105206749053619101952: new application message
13:26:22 DHT DEBUG Getting value for HEZDGNJYGE2TEMJWGUZDINRZGU2DCOBVGI2DIOBWGI2DCNJVG4YDGNBZGE3TI=== (key=SB2BoG)
16:12:29 Ring INFO Ring server at 127.0.0.1:12345
16:12:29 DHT INFO LocalDHT ready
16:12:29 Ring INFO 232971592714168140639879554760281556259: starting the joining process
16:12:29 Ring INFO 232971592714168140639879554760281556259: empty ring
16:12:29 DHT INFO NetServerDHT ready
16:26:52 Ring INFO 232971592714168140639879554760281556259: new application message
16:26:52 DHT DEBUG Getting value for GE4TOMBRGMZTSMJYGU3TQOJZGQ4TAOBTGU3DCNBTGI4TENZXGE2TKNBXGE3DCMQ= (key=juanvi)
16:26:52 DHT WARNING Error reading file: 
16:26:55 Ring INFO 232971592714168140639879554760281556259: new application message
16:26:55 DHT DEBUG Getting value for GYYTGOJQGYYDSMRQGI2DKMRTHA2TENRXGI3TINJWGYZDSNJZGU2DGOJZGQ4DC=== (key=6xv4TZ)
16:26:55 Ring INFO 232971592714168140639879554760281556259: new application message
16:26:55 DHT DEBUG Getting value for HEZDGNJYGE2TEMJWGUZDINRZGU2DCOBVGI2DIOBWGI2DCNJVG4YDGNBZGE3TI=== (key=SB2BoG)
16:40:31 Ring INFO 232971592714168140639879554760281556259: new application message
16:40:31 DHT DEBUG Putting in GI2DOMZQGEYDQNBRGQYDGOJVG44TIMZXHE2DOOJTGYZTKMBTGM2DSMRZGE4DANI= (key=ZonCvj)
16:40:31 Ring INFO 232971592714168140639879554760281556259: new application message
16:40:31 DHT DEBUG Getting value for GI2DOMZQGEYDQNBRGQYDGOJVG44TIMZXHE2DOOJTGYZTKMBTGM2DSMRZGE4DANI= (key=ZonCvj)
16:41:01 Ring INFO 232971592714168140639879554760281556259: new application message
16:41:01 DHT DEBUG Getting value for GI2DOMZQGEYDQNBRGQYDGOJVG44TIMZXHE2DOOJTGYZTKMBTGM2DSMRZGE4DANI= (key=ZonCvj)
16:41:53 Ring INFO 232971592714168140639879554760281556259: new application message
16:41:53 DHT DEBUG Getting value for GI2DOMZQGEYDQNBRGQYDGOJVG44TIMZXHE2DOOJTGYZTKMBTGM2DSMRZGE4DANI= (key=ZonCvj)
16:41:58 Ring INFO 232971592714168140639879554760281556259: new application message
16:41:58 DHT DEBUG Getting value for GI2DOMZQGEYDQNBRGQYDGOJVG44TIMZXHE2DOOJTGYZTKMBTGM2DSMRZGE4DANI= (key=ZonCvj)
16:41:58 Ring INFO 232971592714168140639879554760281556259: new application message
16:41:58 DHT DEBUG Putting in GI2TONJRG42DSNJSGUZTEMBUGI3DANJYHE4DSNRUGIYDCOBVG4YTCMZUGIZDCMY= (key=h30B0Y)
16:41:59 Ring INFO 232971592714168140639879554760281556259: new application message
16:41:59 DHT DEBUG Putting in GI2DOMZQGEYDQNBRGQYDGOJVG44TIMZXHE2DOOJTGYZTKMBTGM2DSMRZGE4DANI= (key=ZonCvj)
16:41:59 Ring INFO 232971592714168140639879554760281556259: new application message
16:41:59 DHT DEBUG Putting in HE3DQNZTGQYTCMBZGA3TEMZUGQ3TEOJXGE2TGMBZGMZTQNBRGQ3DCMRXHA4DM=== (key=x4TX6b)
16:41:59 Ring INFO 232971592714168140639879554760281556259: new application message
16:41:59 DHT DEBUG Putting in GEZTCNRTGU3TKNBXG4YTGOJYHAYDIMJZG43DMOBTGM2TONBZG43DSNRZGAYDK=== (key=C4jfZR)
16:41:59 Ring INFO 232971592714168140639879554760281556259: new application message
16:41:59 DHT DEBUG Getting value for GEZTCNRTGU3TKNBXG4YTGOJYHAYDIMJZG43DMOBTGM2TONBZG43DSNRZGAYDK=== (key=C4jfZR)
16:41:59 Ring INFO 232971592714168140639879554760281556259: new application message
16:41:59 DHT DEBUG Getting value for HE3DQNZTGQYTCMBZGA3TEMZUGQ3TEOJXGE2TGMBZGMZTQNBRGQ3DCMRXHA4DM=== (key=x4TX6b)
16:41:59 Ring INFO 232971592714168140639879554760281556259: new application message
16:41:59 DHT DEBUG Getting value for GI2DOMZQGEYDQNBRGQYDGOJVG44TIMZXHE2DOOJTGYZTKMBTGM2DSMRZGE4DANI= (key=ZonCvj)
16:41:59 Ring INFO 232971592714168140639879554760281556259: new application message
16:41:59 DHT DEBUG Getting value for GI2TONJRG42DSNJSGUZTEMBUGI3DANJYHE4DSNRUGIYDCOBVG4YTCMZUGIZDCMY= (key=h30B0Y)
16:42:35 Ring INFO 232971592714168140639879554760281556259: new application message
16:42:35 DHT DEBUG Getting value for GI2DOMZQGEYDQNBRGQYDGOJVG44TIMZXHE2DOOJTGYZTKMBTGM2DSMRZGE4DANI= (key=ZonCvj)
16:42:35 Ring INFO 232971592714168140639879554760281556259: new application message
16:42:35 DHT DEBUG Getting value for GI2TONJRG42DSNJSGUZTEMBUGI3DANJYHE4DSNRUGIYDCOBVG4YTCMZUGIZDCMY= (key=h30B0Y)
16:43:21 Ring INFO 232971592714168140639879554760281556259: new application message
16:43:21 DHT DEBUG Putting in HA4TQNJQGI4DENRRGE3TKOBRGM2TENBVGI4DKNZXGU3TCNRVGQZDGNBVHE3DG=== (key=KyKfhG)
16:43:21 Ring INFO 232971592714168140639879554760281556259: new application message
16:43:21 DHT DEBUG Putting in GI3TCOBRHA4DONZXG42TCOJWGA4DSNJRHA3DCOBXGYYTCMRXGE3TAMBWHE3TKNQ= (key=HooV6x)
16:43:21 Ring INFO 232971592714168140639879554760281556259: new application message
16:43:21 DHT DEBUG Getting value for GI2DOMZQGEYDQNBRGQYDGOJVG44TIMZXHE2DOOJTGYZTKMBTGM2DSMRZGE4DANI= (key=ZonCvj)
16:43:21 Ring INFO 232971592714168140639879554760281556259: new application message
16:43:21 DHT DEBUG Getting value for GI2TONJRG42DSNJSGUZTEMBUGI3DANJYHE4DSNRUGIYDCOBVG4YTCMZUGIZDCMY= (key=h30B0Y)
16:43:21 Ring INFO 232971592714168140639879554760281556259: new application message
16:43:21 DHT DEBUG Putting in GE2TKMBYHE4TIMZRHA2TQMBTG44TGNJRGU3TQNRSGMZDSOBWGM3TIMRQGU4TAMQ= (key=TuyVpV)
16:43:21 Ring INFO 232971592714168140639879554760281556259: new application message
16:43:21 DHT DEBUG Putting in GI2DOMZQGEYDQNBRGQYDGOJVG44TIMZXHE2DOOJTGYZTKMBTGM2DSMRZGE4DANI= (key=ZonCvj)
16:43:21 Ring INFO 232971592714168140639879554760281556259: new application message
16:43:21 DHT DEBUG Getting value for GI2DOMZQGEYDQNBRGQYDGOJVG44TIMZXHE2DOOJTGYZTKMBTGM2DSMRZGE4DANI= (key=ZonCvj)
16:43:21 Ring INFO 232971592714168140639879554760281556259: new application message
16:43:21 DHT DEBUG Getting value for GE2TKMBYHE4TIMZRHA2TQMBTG44TGNJRGU3TQNRSGMZDSOBWGM3TIMRQGU4TAMQ= (key=TuyVpV)
16:43:23 Ring INFO 232971592714168140639879554760281556259: new application message
16:43:23 DHT DEBUG Getting value for GI3TCOBRHA4DONZXG42TCOJWGA4DSNJRHA3DCOBXGYYTCMRXGE3TAMBWHE3TKNQ= (key=HooV6x)
16:43:23 Ring INFO 232971592714168140639879554760281556259: new application message
16:43:23 DHT DEBUG Getting value for HA4TQNJQGI4DENRRGE3TKOBRGM2TENBVGI4DKNZXGU3TCNRVGQZDGNBVHE3DG=== (key=KyKfhG)
16:43:48 Ring INFO 232971592714168140639879554760281556259: new application message
16:43:48 DHT DEBUG Getting value for GI3TCOBRHA4DONZXG42TCOJWGA4DSNJRHA3DCOBXGYYTCMRXGE3TAMBWHE3TKNQ= (key=HooV6x)
16:43:48 Ring INFO 232971592714168140639879554760281556259: new application message
16:43:48 DHT DEBUG Getting value for HA4TQNJQGI4DENRRGE3TKOBRGM2TENBVGI4DKNZXGU3TCNRVGQZDGNBVHE3DG=== (key=KyKfhG)
17:06:47 Ring INFO 232971592714168140639879554760281556259: new application message
17:06:47 DHT DEBUG Getting value for GI2DOMZQGEYDQNBRGQYDGOJVG44TIMZXHE2DOOJTGYZTKMBTGM2DSMRZGE4DANI= (key=ZonCvj)
17:06:51 Ring INFO 232971592714168140639879554760281556259: new application message
17:06:51 DHT DEBUG Getting value for GI2DOMZQGEYDQNBRGQYDGOJVG44TIMZXHE2DOOJTGYZTKMBTGM2DSMRZGE4DANI= (key=ZonCvj)
17:07:06 Ring INFO 232971592714168140639879554760281556259: new application message
17:07:06 DHT DEBUG Getting value for GI2DOMZQGEYDQNBRGQYDGOJVG44TIMZXHE2DOOJTGYZTKMBTGM2DSMRZGE4DANI= (key=ZonCvj)
17:07:06 Ring INFO 232971592714168140639879554760281556259: new application message
17:07:06 DHT DEBUG Getting value for GE2TKMBYHE4TIMZRHA2TQMBTG44TGNJRGU3TQNRSGMZDSOBWGM3TIMRQGU4TAMQ= (key=TuyVpV)
17:07:08 Ring INFO 232971592714168140639879554760281556259: new application message
17:07:08 DHT DEBUG Getting value for GI3TCOBRHA4DONZXG42TCOJWGA4DSNJRHA3DCOBXGYYTCMRXGE3TAMBWHE3TKNQ= (key=HooV6x)
17:07:08 Ring INFO 232971592714168140639879554760281556259: new application message
17:07:08 DHT DEBUG Getting value for HA4TQNJQGI4DENRRGE3TKOBRGM2TENBVGI4DKNZXGU3TCNRVGQZDGNBVHE3DG=== (key=KyKfhG)
17:07:58 Ring INFO 232971592714168140639879554760281556259: new application message
17:07:58 DHT DEBUG Getting value for GI2DOMZQGEYDQNBRGQYDGOJVG44TIMZXHE2DOOJTGYZTKMBTGM2DSMRZGE4DANI= (key=ZonCvj)
17:07:58 Ring INFO 232971592714168140639879554760281556259: new application message
17:07:58 DHT DEBUG Getting value for GE2TKMBYHE4TIMZRHA2TQMBTG44TGNJRGU3TQNRSGMZDSOBWGM3TIMRQGU4TAMQ= (key=TuyVpV)
17:08:00 Ring INFO 232971592714168140639879554760281556259: new application message
17:08:00 DHT DEBUG Getting value for GI3TCOBRHA4DONZXG42TCOJWGA4DSNJRHA3DCOBXGYYTCMRXGE3TAMBWHE3TKNQ= (key=HooV6x)
17:29:55 Ring INFO 232971592714168140639879554760281556259: new application message
17:29:55 DHT DEBUG Getting value for GI2DOMZQGEYDQNBRGQYDGOJVG44TIMZXHE2DOOJTGYZTKMBTGM2DSMRZGE4DANI= (key=ZonCvj)
17:41:57 Ring INFO 232971592714168140639879554760281556259: new application message
17:41:57 DHT DEBUG Getting value for GI2DOMZQGEYDQNBRGQYDGOJVG44TIMZXHE2DOOJTGYZTKMBTGM2DSMRZGE4DANI= (key=ZonCvj)
17:41:57 Ring INFO 232971592714168140639879554760281556259: new application message
17:41:57 DHT DEBUG Getting value for GE2TKMBYHE4TIMZRHA2TQMBTG44TGNJRGU3TQNRSGMZDSOBWGM3TIMRQGU4TAMQ= (key=TuyVpV)
17:42:00 Ring INFO 232971592714168140639879554760281556259: new application message
17:42:00 DHT DEBUG Getting value for GI3TCOBRHA4DONZXG42TCOJWGA4DSNJRHA3DCOBXGYYTCMRXGE3TAMBWHE3TKNQ= (key=HooV6x)
17:42:19 Ring INFO 232971592714168140639879554760281556259: new application message
17:42:19 DHT DEBUG Getting value for GI3TCOBRHA4DONZXG42TCOJWGA4DSNJRHA3DCOBXGYYTCMRXGE3TAMBWHE3TKNQ= (key=HooV6x)
17:42:23 Ring INFO 232971592714168140639879554760281556259: new application message
17:42:23 DHT DEBUG Getting value for GI2DOMZQGEYDQNBRGQYDGOJVG44TIMZXHE2DOOJTGYZTKMBTGM2DSMRZGE4DANI= (key=ZonCvj)
17:42:23 Ring INFO 232971592714168140639879554760281556259: new application message
17:42:23 DHT DEBUG Getting value for GE2TKMBYHE4TIMZRHA2TQMBTG44TGNJRGU3TQNRSGMZDSOBWGM3TIMRQGU4TAMQ= (key=TuyVpV)
17:42:25 Ring INFO 232971592714168140639879554760281556259: new application message
17:42:25 DHT DEBUG Getting value for GI3TCOBRHA4DONZXG42TCOJWGA4DSNJRHA3DCOBXGYYTCMRXGE3TAMBWHE3TKNQ= (key=HooV6x)
17:42:25 Ring INFO 232971592714168140639879554760281556259: new application message
17:42:25 DHT DEBUG Getting value for HA4TQNJQGI4DENRRGE3TKOBRGM2TENBVGI4DKNZXGU3TCNRVGQZDGNBVHE3DG=== (key=KyKfhG)
17:42:25 Ring INFO 232971592714168140639879554760281556259: new application message
17:42:25 DHT DEBUG Getting value for GI2DOMZQGEYDQNBRGQYDGOJVG44TIMZXHE2DOOJTGYZTKMBTGM2DSMRZGE4DANI= (key=ZonCvj)
17:42:25 Ring INFO 232971592714168140639879554760281556259: new application message
17:42:25 DHT DEBUG Getting value for GE2TKMBYHE4TIMZRHA2TQMBTG44TGNJRGU3TQNRSGMZDSOBWGM3TIMRQGU4TAMQ= (key=TuyVpV)
17:44:10 Ring INFO 232971592714168140639879554760281556259: new application message
17:44:10 DHT DEBUG Getting value for GI3TCOBRHA4DONZXG42TCOJWGA4DSNJRHA3DCOBXGYYTCMRXGE3TAMBWHE3TKNQ= (key=HooV6x)
17:44:10 Ring INFO 232971592714168140639879554760281556259: new application message
17:44:10 DHT DEBUG Getting value for HA4TQNJQGI4DENRRGE3TKOBRGM2TENBVGI4DKNZXGU3TCNRVGQZDGNBVHE3DG=== (key=KyKfhG)
17:44:10 Ring INFO 232971592714168140639879554760281556259: new application message
17:44:10 DHT DEBUG Getting value for GI2DOMZQGEYDQNBRGQYDGOJVG44TIMZXHE2DOOJTGYZTKMBTGM2DSMRZGE4DANI= (key=ZonCvj)
17:44:10 Ring INFO 232971592714168140639879554760281556259: new application message
17:44:10 DHT DEBUG Getting value for GE2TKMBYHE4TIMZRHA2TQMBTG44TGNJRGU3TQNRSGMZDSOBWGM3TIMRQGU4TAMQ= (key=TuyVpV)
17:44:13 Ring INFO 232971592714168140639879554760281556259: new application message
17:44:13 DHT DEBUG Getting value for GI3TCOBRHA4DONZXG42TCOJWGA4DSNJRHA3DCOBXGYYTCMRXGE3TAMBWHE3TKNQ= (key=HooV6x)
17:44:13 Ring INFO 232971592714168140639879554760281556259: new application message
17:44:13 DHT DEBUG Getting value for HA4TQNJQGI4DENRRGE3TKOBRGM2TENBVGI4DKNZXGU3TCNRVGQZDGNBVHE3DG=== (key=KyKfhG)
17:44:13 Ring INFO 232971592714168140639879554760281556259: new application message
17:44:13 DHT DEBUG Getting value for GI2DOMZQGEYDQNBRGQYDGOJVG44TIMZXHE2DOOJTGYZTKMBTGM2DSMRZGE4DANI= (key=ZonCvj)
17:44:13 Ring INFO 232971592714168140639879554760281556259: new application message
17:44:13 DHT DEBUG Getting value for GE2TKMBYHE4TIMZRHA2TQMBTG44TGNJRGU3TQNRSGMZDSOBWGM3TIMRQGU4TAMQ= (key=TuyVpV)
17:44:58 Ring INFO 232971592714168140639879554760281556259: new application message
17:44:58 DHT DEBUG Getting value for GI2DOMZQGEYDQNBRGQYDGOJVG44TIMZXHE2DOOJTGYZTKMBTGM2DSMRZGE4DANI= (key=ZonCvj)
17:51:24 Ring INFO 232971592714168140639879554760281556259: new application message
17:51:24 DHT DEBUG Getting value for GI2DOMZQGEYDQNBRGQYDGOJVG44TIMZXHE2DOOJTGYZTKMBTGM2DSMRZGE4DANI= (key=ZonCvj)
17:51:24 Ring INFO 232971592714168140639879554760281556259: new application message
17:51:24 DHT DEBUG Getting value for GE2TKMBYHE4TIMZRHA2TQMBTG44TGNJRGU3TQNRSGMZDSOBWGM3TIMRQGU4TAMQ= (key=TuyVpV)
17:51:27 Ring INFO 232971592714168140639879554760281556259: new application message
17:51:27 DHT DEBUG Getting value for GI3TCOBRHA4DONZXG42TCOJWGA4DSNJRHA3DCOBXGYYTCMRXGE3TAMBWHE3TKNQ= (key=HooV6x)
17:51:27 Ring INFO 232971592714168140639879554760281556259: new application message
17:51:27 DHT DEBUG Getting value for HA4TQNJQGI4DENRRGE3TKOBRGM2TENBVGI4DKNZXGU3TCNRVGQZDGNBVHE3DG=== (key=KyKfhG)
17:51:27 Ring INFO 232971592714168140639879554760281556259: new application message
17:51:27 DHT DEBUG Getting value for GI2DOMZQGEYDQNBRGQYDGOJVG44TIMZXHE2DOOJTGYZTKMBTGM2DSMRZGE4DANI= (key=ZonCvj)
17:51:27 Ring INFO 232971592714168140639879554760281556259: new application message
17:51:27 DHT DEBUG Getting value for GE2TKMBYHE4TIMZRHA2TQMBTG44TGNJRGU3TQNRSGMZDSOBWGM3TIMRQGU4TAMQ= (key=TuyVpV)
17:53:21 Ring INFO 232971592714168140639879554760281556259: new application message
17:53:21 DHT DEBUG Getting value for GI2DOMZQGEYDQNBRGQYDGOJVG44TIMZXHE2DOOJTGYZTKMBTGM2DSMRZGE4DANI= (key=ZonCvj)
17:53:21 Ring INFO 232971592714168140639879554760281556259: new application message
17:53:21 DHT DEBUG Getting value for GE2TKMBYHE4TIMZRHA2TQMBTG44TGNJRGU3TQNRSGMZDSOBWGM3TIMRQGU4TAMQ= (key=TuyVpV)
17:53:22 Ring INFO 232971592714168140639879554760281556259: new application message
17:53:22 DHT DEBUG Getting value for GI3TCOBRHA4DONZXG42TCOJWGA4DSNJRHA3DCOBXGYYTCMRXGE3TAMBWHE3TKNQ= (key=HooV6x)
17:53:22 Ring INFO 232971592714168140639879554760281556259: new application message
17:53:22 DHT DEBUG Getting value for HA4TQNJQGI4DENRRGE3TKOBRGM2TENBVGI4DKNZXGU3TCNRVGQZDGNBVHE3DG=== (key=KyKfhG)
17:53:42 Ring INFO 232971592714168140639879554760281556259: new application message
17:53:42 DHT DEBUG Getting value for GI2DOMZQGEYDQNBRGQYDGOJVG44TIMZXHE2DOOJTGYZTKMBTGM2DSMRZGE4DANI= (key=ZonCvj)
17:53:42 Ring INFO 232971592714168140639879554760281556259: new application message
17:53:42 DHT DEBUG Getting value for GE2TKMBYHE4TIMZRHA2TQMBTG44TGNJRGU3TQNRSGMZDSOBWGM3TIMRQGU4TAMQ= (key=TuyVpV)
17:55:18 Ring INFO 232971592714168140639879554760281556259: new application message
17:55:18 DHT DEBUG Getting value for GI2DOMZQGEYDQNBRGQYDGOJVG44TIMZXHE2DOOJTGYZTKMBTGM2DSMRZGE4DANI= (key=ZonCvj)
17:55:18 Ring INFO 232971592714168140639879554760281556259: new application message
17:55:18 DHT DEBUG Getting value for GE2TKMBYHE4TIMZRHA2TQMBTG44TGNJRGU3TQNRSGMZDSOBWGM3TIMRQGU4TAMQ= (key=TuyVpV)
17:55:22 Ring INFO 232971592714168140639879554760281556259: new application message
17:55:22 DHT DEBUG Getting value for GI2DOMZQGEYDQNBRGQYDGOJVG44TIMZXHE2DOOJTGYZTKMBTGM2DSMRZGE4DANI= (key=ZonCvj)
17:55:22 Ring INFO 232971592714168140639879554760281556259: new application message
17:55:22 DHT DEBUG Getting value for GE2TKMBYHE4TIMZRHA2TQMBTG44TGNJRGU3TQNRSGMZDSOBWGM3TIMRQGU4TAMQ= (key=TuyVpV)
17:55:22 Ring INFO 232971592714168140639879554760281556259: new application message
17:55:22 DHT DEBUG Putting in GE4DCNZVGQ2TINJZGIYDAMBVHA4TAMRRGQ2DMMBQHAYTENZUGIYDOMRWG42TQNY= (key=Xz6zFQ)
17:55:22 Ring INFO 232971592714168140639879554760281556259: new application message
17:55:22 DHT DEBUG Putting in GI2DOMZQGEYDQNBRGQYDGOJVG44TIMZXHE2DOOJTGYZTKMBTGM2DSMRZGE4DANI= (key=ZonCvj)
17:55:22 Ring INFO 232971592714168140639879554760281556259: new application message
17:55:22 DHT DEBUG Putting in HE2DMMZWHAZDMMRSGM4DQMBVHE4TEMJSGU3DCOBTGMZDCMBYGM3TQMJVHEYDQ=== (key=WUHcOu)
17:55:22 Ring INFO 232971592714168140639879554760281556259: new application message
17:55:22 DHT DEBUG Putting in GEZTSMBVGI3TGMZUGMZTIMJYGM2TENZTHE2DEOBXHA4DIOBWGM4TOMZXGUZTMMA= (key=BdF3t8)
17:55:22 Ring INFO 232971592714168140639879554760281556259: new application message
17:55:22 DHT DEBUG Getting value for GEZTSMBVGI3TGMZUGMZTIMJYGM2TENZTHE2DEOBXHA4DIOBWGM4TOMZXGUZTMMA= (key=BdF3t8)
17:55:22 Ring INFO 232971592714168140639879554760281556259: new application message
17:55:22 DHT DEBUG Getting value for HE2DMMZWHAZDMMRSGM4DQMBVHE4TEMJSGU3DCOBTGMZDCMBYGM3TQMJVHEYDQ=== (key=WUHcOu)
17:55:22 Ring INFO 232971592714168140639879554760281556259: new application message
17:55:22 DHT DEBUG Getting value for GI2DOMZQGEYDQNBRGQYDGOJVG44TIMZXHE2DOOJTGYZTKMBTGM2DSMRZGE4DANI= (key=ZonCvj)
17:55:22 Ring INFO 232971592714168140639879554760281556259: new application message
17:55:22 DHT DEBUG Getting value for GE4DCNZVGQ2TINJZGIYDAMBVHA4TAMRRGQ2DMMBQHAYTENZUGIYDOMRWG42TQNY= (key=Xz6zFQ)
17:55:24 Ring INFO 232971592714168140639879554760281556259: new application message
17:55:24 DHT DEBUG Getting value for GI2DOMZQGEYDQNBRGQYDGOJVG44TIMZXHE2DOOJTGYZTKMBTGM2DSMRZGE4DANI= (key=ZonCvj)
17:55:24 Ring INFO 232971592714168140639879554760281556259: new application message
17:55:24 DHT DEBUG Getting value for GE4DCNZVGQ2TINJZGIYDAMBVHA4TAMRRGQ2DMMBQHAYTENZUGIYDOMRWG42TQNY= (key=Xz6zFQ)
17:55:24 Ring INFO 232971592714168140639879554760281556259: new application message
17:55:24 DHT DEBUG Putting in GMZDIMBZGE2DINBSGYYTOMJXHE2DQNJUGQZDONZTGM2TSOBVG4ZTSMJZHA4Q==== (key=dC8WfK)
17:55:24 Ring INFO 232971592714168140639879554760281556259: new application message
17:55:24 DHT DEBUG Putting in GI2DOMZQGEYDQNBRGQYDGOJVG44TIMZXHE2DOOJTGYZTKMBTGM2DSMRZGE4DANI= (key=ZonCvj)
17:55:24 Ring INFO 232971592714168140639879554760281556259: new application message
17:55:24 DHT DEBUG Getting value for GI2DOMZQGEYDQNBRGQYDGOJVG44TIMZXHE2DOOJTGYZTKMBTGM2DSMRZGE4DANI= (key=ZonCvj)
17:55:24 Ring INFO 232971592714168140639879554760281556259: new application message
17:55:24 DHT DEBUG Getting value for GMZDIMBZGE2DINBSGYYTOMJXHE2DQNJUGQZDONZTGM2TSOBVG4ZTSMJZHA4Q==== (key=dC8WfK)
17:55:27 Ring INFO 232971592714168140639879554760281556259: new application message
17:55:27 DHT DEBUG Getting value for GEZTCNRTGU3TKNBXG4YTGOJYHAYDIMJZG43DMOBTGM2TONBZG43DSNRZGAYDK=== (key=C4jfZR)
17:55:27 Ring INFO 232971592714168140639879554760281556259: new application message
17:55:27 DHT DEBUG Getting value for HE3DQNZTGQYTCMBZGA3TEMZUGQ3TEOJXGE2TGMBZGMZTQNBRGQ3DCMRXHA4DM=== (key=x4TX6b)
17:55:29 Ring INFO 232971592714168140639879554760281556259: new application message
17:55:29 DHT DEBUG Getting value for GI2DOMZQGEYDQNBRGQYDGOJVG44TIMZXHE2DOOJTGYZTKMBTGM2DSMRZGE4DANI= (key=ZonCvj)
17:55:29 Ring INFO 232971592714168140639879554760281556259: new application message
17:55:29 DHT DEBUG Getting value for GMZDIMBZGE2DINBSGYYTOMJXHE2DQNJUGQZDONZTGM2TSOBVG4ZTSMJZHA4Q==== (key=dC8WfK)
17:55:51 Ring INFO 232971592714168140639879554760281556259: new application message
17:55:51 DHT DEBUG Getting value for GI2DOMZQGEYDQNBRGQYDGOJVG44TIMZXHE2DOOJTGYZTKMBTGM2DSMRZGE4DANI= (key=ZonCvj)
17:55:51 Ring INFO 232971592714168140639879554760281556259: new application message
17:55:51 DHT DEBUG Getting value for GMZDIMBZGE2DINBSGYYTOMJXHE2DQNJUGQZDONZTGM2TSOBVG4ZTSMJZHA4Q==== (key=dC8WfK)
17:56:11 Ring INFO 232971592714168140639879554760281556259: new application message
17:56:11 DHT DEBUG Getting value for GI2DOMZQGEYDQNBRGQYDGOJVG44TIMZXHE2DOOJTGYZTKMBTGM2DSMRZGE4DANI= (key=ZonCvj)
17:56:11 Ring INFO 232971592714168140639879554760281556259: new application message
17:56:11 DHT DEBUG Getting value for GMZDIMBZGE2DINBSGYYTOMJXHE2DQNJUGQZDONZTGM2TSOBVG4ZTSMJZHA4Q==== (key=dC8WfK)
18:28:17 Ring INFO 232971592714168140639879554760281556259: new application message
18:28:17 DHT DEBUG Putting in GIZTAMBYGM2TKMRQGQ4DINJYG42DEMZTGAZTQMRTHA3TQMRWGI3DEOJQG4ZTGNY= (key=y0PfRx)
18:28:17 Ring INFO 232971592714168140639879554760281556259: new application message
18:28:17 DHT DEBUG Getting value for GIZTAMBYGM2TKMRQGQ4DINJYG42DEMZTGAZTQMRTHA3TQMRWGI3DEOJQG4ZTGNY= (key=y0PfRx)
18:28:30 Ring INFO 232971592714168140639879554760281556259: new application message
18:28:30 DHT DEBUG Getting value for GI2DOMZQGEYDQNBRGQYDGOJVG44TIMZXHE2DOOJTGYZTKMBTGM2DSMRZGE4DANI= (key=ZonCvj)
18:28:30 Ring INFO 232971592714168140639879554760281556259: new application message
18:28:30 DHT DEBUG Getting value for GMZDIMBZGE2DINBSGYYTOMJXHE2DQNJUGQZDONZTGM2TSOBVG4ZTSMJZHA4Q==== (key=dC8WfK)
18:30:15 Ring INFO 232971592714168140639879554760281556259: new application message
18:30:15 DHT DEBUG Getting value for GI2DOMZQGEYDQNBRGQYDGOJVG44TIMZXHE2DOOJTGYZTKMBTGM2DSMRZGE4DANI= (key=ZonCvj)
18:30:15 Ring INFO 232971592714168140639879554760281556259: new application message
18:30:15 DHT DEBUG Getting value for GMZDIMBZGE2DINBSGYYTOMJXHE2DQNJUGQZDONZTGM2TSOBVG4ZTSMJZHA4Q==== (key=dC8WfK)
18:30:44 Ring INFO 232971592714168140639879554760281556259: new application message
18:30:44 DHT DEBUG Getting value for GI2DOMZQGEYDQNBRGQYDGOJVG44TIMZXHE2DOOJTGYZTKMBTGM2DSMRZGE4DANI= (key=ZonCvj)
18:30:44 Ring INFO 232971592714168140639879554760281556259: new application message
18:30:44 DHT DEBUG Getting value for GMZDIMBZGE2DINBSGYYTOMJXHE2DQNJUGQZDONZTGM2TSOBVG4ZTSMJZHA4Q==== (key=dC8WfK)
18:30:48 Ring INFO 232971592714168140639879554760281556259: new application message
18:30:48 DHT DEBUG Getting value for GI2DOMZQGEYDQNBRGQYDGOJVG44TIMZXHE2DOOJTGYZTKMBTGM2DSMRZGE4DANI= (key=ZonCvj)
18:30:48 Ring INFO 232971592714168140639879554760281556259: new application message
18:30:48 DHT DEBUG Getting value for GMZDIMBZGE2DINBSGYYTOMJXHE2DQNJUGQZDONZTGM2TSOBVG4ZTSMJZHA4Q==== (key=dC8WfK)
